<?xml version="1.0" encoding="UTF-8"?>
<!-- Generated by org.testng.reporters.JUnitXMLReporter -->
<testsuite ignored="0" hostname="madhu-PC" failures="0" tests="4" name="Default test" time="0.175" errors="0" timestamp="2023-02-26T13:25:05 IST">
  <testcase classname="Streams1" name="regular" time="0.026"/>
  <testcase classname="Streams1" name="streamCollect" time="0.008"/>
  <testcase classname="Streams1" name="streamFilter" time="0.008"/>
  <testcase classname="Streams1" name="streamsMap" time="0.013"/>
</testsuite> <!-- Default test -->
