<?xml version="1.0" encoding="UTF-8"?>
<testng-results ignored="0" total="4" passed="4" failed="0" skipped="0">
  <reporter-output>
  </reporter-output>
  <suite started-at="2023-02-26T13:25:05 IST" name="Default suite" finished-at="2023-02-26T13:25:05 IST" duration-ms="175">
    <groups>
    </groups>
    <test started-at="2023-02-26T13:25:05 IST" name="Default test" finished-at="2023-02-26T13:25:05 IST" duration-ms="175">
      <class name="Streams1">
        <test-method signature="regular()[pri:0, instance:Streams1@67d48005]" started-at="2023-02-26T13:25:05 IST" name="regular" finished-at="2023-02-26T13:25:05 IST" duration-ms="26" status="PASS">
          <reporter-output>
          </reporter-output>
        </test-method> <!-- regular -->
        <test-method signature="streamCollect()[pri:0, instance:Streams1@67d48005]" started-at="2023-02-26T13:25:05 IST" name="streamCollect" finished-at="2023-02-26T13:25:05 IST" duration-ms="8" status="PASS">
          <reporter-output>
          </reporter-output>
        </test-method> <!-- streamCollect -->
        <test-method signature="streamFilter()[pri:0, instance:Streams1@67d48005]" started-at="2023-02-26T13:25:05 IST" name="streamFilter" finished-at="2023-02-26T13:25:05 IST" duration-ms="8" status="PASS">
          <reporter-output>
          </reporter-output>
        </test-method> <!-- streamFilter -->
        <test-method signature="streamsMap()[pri:0, instance:Streams1@67d48005]" started-at="2023-02-26T13:25:05 IST" name="streamsMap" finished-at="2023-02-26T13:25:05 IST" duration-ms="13" status="PASS">
          <reporter-output>
          </reporter-output>
        </test-method> <!-- streamsMap -->
      </class> <!-- Streams1 -->
    </test> <!-- Default test -->
  </suite> <!-- Default suite -->
</testng-results>
