<?xml version="1.0" encoding="UTF-8"?>
<testng-results ignored="0" total="1" passed="1" failed="0" skipped="0">
  <reporter-output>
  </reporter-output>
  <suite started-at="2023-06-12T17:28:47 IST" name="Default suite" finished-at="2023-06-12T17:29:16 IST" duration-ms="28851">
    <groups>
    </groups>
    <test started-at="2023-06-12T17:28:47 IST" name="Default test" finished-at="2023-06-12T17:29:16 IST" duration-ms="28851">
      <class name="MavenProjectReportsDemo.ExtentReports.ExtentReportDemo">
        <test-method is-config="true" signature="config()[pri:0, instance:MavenProjectReportsDemo.ExtentReports.ExtentReportDemo@186f8716]" started-at="2023-06-12T17:28:47 IST" name="config" finished-at="2023-06-12T17:28:48 IST" duration-ms="448" status="PASS">
          <reporter-output>
          </reporter-output>
        </test-method> <!-- config -->
        <test-method signature="initialDemo()[pri:0, instance:MavenProjectReportsDemo.ExtentReports.ExtentReportDemo@186f8716]" started-at="2023-06-12T17:28:48 IST" name="initialDemo" finished-at="2023-06-12T17:29:16 IST" duration-ms="28309" status="PASS">
          <reporter-output>
          </reporter-output>
        </test-method> <!-- initialDemo -->
      </class> <!-- MavenProjectReportsDemo.ExtentReports.ExtentReportDemo -->
    </test> <!-- Default test -->
  </suite> <!-- Default suite -->
</testng-results>
