<?xml version="1.0" encoding="UTF-8"?>
<testng-results ignored="0" total="1" passed="1" failed="0" skipped="0">
  <reporter-output>
  </reporter-output>
  <suite started-at="2023-03-17T14:14:03 IST" name="Default suite" finished-at="2023-03-17T14:14:03 IST" duration-ms="129">
    <groups>
    </groups>
    <test started-at="2023-03-17T14:14:03 IST" name="Default test" finished-at="2023-03-17T14:14:03 IST" duration-ms="129">
      <class name="PS1">
        <test-method is-config="true" signature="runFirst()[pri:0, instance:PS1@1f0f1111]" started-at="2023-03-17T14:14:03 IST" name="runFirst" finished-at="2023-03-17T14:14:03 IST" duration-ms="13" status="PASS">
          <reporter-output>
          </reporter-output>
        </test-method> <!-- runFirst -->
        <test-method signature="testmthd()[pri:0, instance:PS1@1f0f1111]" started-at="2023-03-17T14:14:03 IST" name="testmthd" finished-at="2023-03-17T14:14:03 IST" duration-ms="23" status="PASS">
          <reporter-output>
          </reporter-output>
        </test-method> <!-- testmthd -->
        <test-method is-config="true" signature="runLast()[pri:0, instance:PS1@1f0f1111]" started-at="2023-03-17T14:14:03 IST" name="runLast" finished-at="2023-03-17T14:14:03 IST" duration-ms="1" status="PASS">
          <reporter-output>
          </reporter-output>
        </test-method> <!-- runLast -->
      </class> <!-- PS1 -->
    </test> <!-- Default test -->
  </suite> <!-- Default suite -->
</testng-results>
