<?xml version="1.0" encoding="UTF-8"?>
<testng-results ignored="0" total="1" passed="1" failed="0" skipped="0">
  <reporter-output>
  </reporter-output>
  <suite started-at="2023-09-04T16:12:05 IST" name="Default suite" finished-at="2023-09-04T16:12:07 IST" duration-ms="1369">
    <groups>
    </groups>
    <test started-at="2023-09-04T16:12:05 IST" name="Default test" finished-at="2023-09-04T16:12:07 IST" duration-ms="1369">
      <class name="DataDrivenExcelDataProv.ExcelDataProvider.Excel">
        <test-method signature="getExcel()[pri:0, instance:DataDrivenExcelDataProv.ExcelDataProvider.Excel@1ea9f6af]" started-at="2023-09-04T16:12:05 IST" name="getExcel" finished-at="2023-09-04T16:12:07 IST" duration-ms="1288" status="PASS">
          <reporter-output>
          </reporter-output>
        </test-method> <!-- getExcel -->
      </class> <!-- DataDrivenExcelDataProv.ExcelDataProvider.Excel -->
    </test> <!-- Default test -->
  </suite> <!-- Default suite -->
</testng-results>
