<?xml version="1.0" encoding="UTF-8"?>
<!-- Generated by org.testng.reporters.JUnitXMLReporter -->
<testsuite ignored="0" hostname="madhu-PC" failures="0" tests="3" name="Test" time="0.058" errors="0" timestamp="2024-01-23T18:23:27 IST">
  <testcase classname="LearningMaven.RestAPITest" name="RestApiTest1" time="0.006"/>
  <testcase classname="LearningMaven.RestAPITest" name="RestApiTest2" time="0.002"/>
  <testcase classname="LearningMaven.SeleniumTest" name="BrowserAutomation" time="0.002"/>
</testsuite> <!-- Test -->
