<?xml version="1.0" encoding="UTF-8"?>
<testng-results ignored="0" total="3" passed="3" failed="0" skipped="0">
  <reporter-output>
  </reporter-output>
  <suite started-at="2024-01-23T18:23:27 IST" name="Suite" finished-at="2024-01-23T18:23:27 IST" duration-ms="58">
    <groups>
    </groups>
    <test started-at="2024-01-23T18:23:27 IST" name="Test" finished-at="2024-01-23T18:23:27 IST" duration-ms="58">
      <class name="LearningMaven.RestAPITest">
        <test-method signature="RestApiTest1()[pri:0, instance:LearningMaven.RestAPITest@55b7a4e0]" started-at="2024-01-23T18:23:27 IST" name="RestApiTest1" finished-at="2024-01-23T18:23:27 IST" duration-ms="6" status="PASS">
          <reporter-output>
          </reporter-output>
        </test-method> <!-- RestApiTest1 -->
        <test-method signature="RestApiTest2()[pri:0, instance:LearningMaven.RestAPITest@55b7a4e0]" started-at="2024-01-23T18:23:27 IST" name="RestApiTest2" finished-at="2024-01-23T18:23:27 IST" duration-ms="2" status="PASS">
          <reporter-output>
          </reporter-output>
        </test-method> <!-- RestApiTest2 -->
      </class> <!-- LearningMaven.RestAPITest -->
      <class name="LearningMaven.SeleniumTest">
        <test-method signature="BrowserAutomation()[pri:0, instance:LearningMaven.SeleniumTest@402bba4f]" started-at="2024-01-23T18:23:27 IST" name="BrowserAutomation" finished-at="2024-01-23T18:23:27 IST" duration-ms="2" status="PASS">
          <reporter-output>
          </reporter-output>
        </test-method> <!-- BrowserAutomation -->
      </class> <!-- LearningMaven.SeleniumTest -->
    </test> <!-- Test -->
  </suite> <!-- Suite -->
</testng-results>
