<?xml version="1.0" encoding="UTF-8"?>
<!-- Generated by org.testng.reporters.JUnitXMLReporter -->
<testsuite ignored="4" hostname="madhu-PC" failures="0" tests="4" name="Test_No_1" time="0.129" errors="0" timestamp="2023-03-11T17:57:15 IST">
  <testcase classname="sec_16_TestNG.class_1" name="demo1" time="0.021"/>
  <testcase classname="sec_16_TestNG.class_2" name="MobileMtd1" time="0.026"/>
  <testcase classname="sec_16_TestNG.class_2" name="personalLoanHome" time="0.004"/>
  <testcase classname="sec_16_TestNG.class_2" name="personalLoanCash" time="0.003"/>
  <testcase classname="sec_16_TestNG.class_1" name="personalLoanCar" time="0.0">
    <ignored/>
  </testcase> <!-- personalLoanCar -->
  <testcase classname="sec_16_TestNG.class_1" name="MobileMtd1" time="0.0">
    <ignored/>
  </testcase> <!-- MobileMtd1 -->
  <testcase classname="sec_16_TestNG.class_1" name="MobileMtd2" time="0.0">
    <ignored/>
  </testcase> <!-- MobileMtd2 -->
  <testcase classname="sec_16_TestNG.class_2" name="MobileMtd2" time="0.0">
    <ignored/>
  </testcase> <!-- MobileMtd2 -->
</testsuite> <!-- Test_No_1 -->
