<?xml version="1.0" encoding="UTF-8"?>
<!-- Generated by org.testng.reporters.JUnitXMLReporter -->
<testsuite ignored="3" hostname="madhu-PC" failures="1" tests="8" name="Test_No_2" time="0.099" errors="0" timestamp="2023-03-11T17:57:15 IST">
  <testcase classname="sec_16_TestNG.class_3" name="mobileLogin" time="0.002"/>
  <testcase classname="sec_16_TestNG.class_4" name="MobileMtd1" time="0.002"/>
  <testcase classname="sec_16_TestNG.class_4" name="MobileMtd2" time="0.008"/>
  <testcase classname="sec_16_TestNG.class_4" name="MobileMtd2" time="0.002"/>
  <testcase classname="sec_16_TestNG.class_4" name="MobileMtd2" time="0.002"/>
  <testcase classname="sec_16_TestNG.class_4" name="RESTAPI" time="0.013">
    <failure type="java.lang.AssertionError" message="expected [true] but found [false]">
      <![CDATA[java.lang.AssertionError: expected [true] but found [false]
at sec_16_TestNG.class_4.RESTAPI(class_4.java:30)
at java.base/java.util.ArrayList.forEach(ArrayList.java:1511)
... Removed 29 stack frames]]>
    </failure>
  </testcase> <!-- RESTAPI -->
  <testcase classname="sec_16_TestNG.class_4" name="WebLoginAPI" time="0.003"/>
  <testcase classname="sec_16_TestNG.class_4" name="mobileLoginAPI" time="0.002"/>
  <testcase classname="sec_16_TestNG.class_3" name="MobileMtd1" time="0.0">
    <ignored/>
  </testcase> <!-- MobileMtd1 -->
  <testcase classname="sec_16_TestNG.class_3" name="WebLogin" time="0.0">
    <ignored/>
  </testcase> <!-- WebLogin -->
  <testcase classname="sec_16_TestNG.class_3" name="MobileMtd2" time="0.0">
    <ignored/>
  </testcase> <!-- MobileMtd2 -->
</testsuite> <!-- Test_No_2 -->
