<?xml version="1.0" encoding="UTF-8"?>
<!-- Generated by org.testng.reporters.JUnitXMLReporter -->
<testsuite ignored="0" hostname="madhu-PC" failures="0" tests="9" name="Test" time="0.166" errors="0" timestamp="2023-03-04T12:52:12 IST">
  <testcase classname="sec_16_TestNG.day_1" name="demo1" time="0.028"/>
  <testcase classname="sec_16_TestNG.day_1" name="personalLoanCar" time="0.003"/>
  <testcase classname="sec_16_TestNG.day_2" name="personalLoanCash" time="0.003"/>
  <testcase classname="sec_16_TestNG.day_2" name="personalLoanHome" time="0.003"/>
  <testcase classname="sec_16_TestNG.day_3" name="WebLogin" time="0.003"/>
  <testcase classname="sec_16_TestNG.day_3" name="mobileLogin" time="0.003"/>
  <testcase classname="sec_16_TestNG.day_4" name="RESTAPI" time="0.003"/>
  <testcase classname="sec_16_TestNG.day_4" name="WebLoginAPI" time="0.002"/>
  <testcase classname="sec_16_TestNG.day_4" name="mobileLoginAPI" time="0.002"/>
</testsuite> <!-- Test -->
